# JRE version: OpenJDK Runtime Environment (8.0_112-b06) (build 1.8.0_112-release-b06)
# Java VM: OpenJDK 64-Bit Server VM (25.112-b06 mixed mode linux-amd64 compressed oops)
Heap:
 PSYoungGen      total 356352K, used 19655K [0x00000000e0000000, 0x00000000f9900000, 0x0000000100000000)
  eden space 312832K, 0% used [0x00000000e0000000,0x00000000e0000000,0x00000000f3180000)
  from space 43520K, 45% used [0x00000000f6080000,0x00000000f73b1c08,0x00000000f8b00000)
  to   space 48128K, 0% used [0x00000000f3180000,0x00000000f3180000,0x00000000f6080000)
 ParOldGen       total 111104K, used 110866K [0x00000000a0000000, 0x00000000a6c80000, 0x00000000e0000000)
  object space 111104K, 99% used [0x00000000a0000000,0x00000000a6c44810,0x00000000a6c80000)
 Metaspace       used 72450K, capacity 75488K, committed 75816K, reserved 1116160K
  class space    used 9348K, capacity 9943K, committed 10024K, reserved 1048576K
GC Heap History (10 events):
Event: 976.027 GC heap after
Heap after GC invocations=23 (full 3):
 PSYoungGen      total 229888K, used 10140K [0x00000000e0000000, 0x00000000f1100000, 0x0000000100000000)
  eden space 204288K, 0% used [0x00000000e0000000,0x00000000e0000000,0x00000000ec780000)
  from space 25600K, 39% used [0x00000000edf80000,0x00000000ee9670d0,0x00000000ef880000)
  to   space 24576K, 0% used [0x00000000ec780000,0x00000000ec780000,0x00000000edf80000)
 ParOldGen       total 111104K, used 47300K [0x00000000a0000000, 0x00000000a6c80000, 0x00000000e0000000)
  object space 111104K, 42% used [0x00000000a0000000,0x00000000a2e313b8,0x00000000a6c80000)
 Metaspace       used 68927K, capacity 71870K, committed 72104K, reserved 1112064K
  class space    used 9021K, capacity 9614K, committed 9640K, reserved 1048576K
}
Event: 979.449 GC heap before
{Heap before GC invocations=24 (full 3):
 PSYoungGen      total 229888K, used 214428K [0x00000000e0000000, 0x00000000f1100000, 0x0000000100000000)
  eden space 204288K, 100% used [0x00000000e0000000,0x00000000ec780000,0x00000000ec780000)
  from space 25600K, 39% used [0x00000000edf80000,0x00000000ee9670d0,0x00000000ef880000)
  to   space 24576K, 0% used [0x00000000ec780000,0x00000000ec780000,0x00000000edf80000)
 ParOldGen       total 111104K, used 47300K [0x00000000a0000000, 0x00000000a6c80000, 0x00000000e0000000)
  object space 111104K, 42% used [0x00000000a0000000,0x00000000a2e313b8,0x00000000a6c80000)
 Metaspace       used 72161K, capacity 75232K, committed 75560K, reserved 1114112K
  class space    used 9345K, capacity 9943K, committed 10024K, reserved 1048576K
Event: 979.486 GC heap after
Heap after GC invocations=24 (full 3):
 PSYoungGen      total 228864K, used 24563K [0x00000000e0000000, 0x00000000f3800000, 0x0000000100000000)
  eden space 204288K, 0% used [0x00000000e0000000,0x00000000e0000000,0x00000000ec780000)
  from space 24576K, 99% used [0x00000000ec780000,0x00000000edf7ce70,0x00000000edf80000)
  to   space 31232K, 0% used [0x00000000f1980000,0x00000000f1980000,0x00000000f3800000)
 ParOldGen       total 111104K, used 55156K [0x00000000a0000000, 0x00000000a6c80000, 0x00000000e0000000)
  object space 111104K, 49% used [0x00000000a0000000,0x00000000a35dd308,0x00000000a6c80000)
 Metaspace       used 72161K, capacity 75232K, committed 75560K, reserved 1114112K
  class space    used 9345K, capacity 9943K, committed 10024K, reserved 1048576K
}
Event: 980.419 GC heap before
{Heap before GC invocations=25 (full 3):
 PSYoungGen      total 228864K, used 228851K [0x00000000e0000000, 0x00000000f3800000, 0x0000000100000000)
  eden space 204288K, 100% used [0x00000000e0000000,0x00000000ec780000,0x00000000ec780000)
  from space 24576K, 99% used [0x00000000ec780000,0x00000000edf7ce70,0x00000000edf80000)
  to   space 31232K, 0% used [0x00000000f1980000,0x00000000f1980000,0x00000000f3800000)
 ParOldGen       total 111104K, used 55156K [0x00000000a0000000, 0x00000000a6c80000, 0x00000000e0000000)
  object space 111104K, 49% used [0x00000000a0000000,0x00000000a35dd308,0x00000000a6c80000)
 Metaspace       used 72288K, capacity 75296K, committed 75560K, reserved 1114112K
  class space    used 9348K, capacity 9943K, committed 10024K, reserved 1048576K
Event: 980.494 GC heap after
Heap after GC invocations=25 (full 3):
 PSYoungGen      total 279552K, used 31213K [0x00000000e0000000, 0x00000000f4c00000, 0x0000000100000000)
  eden space 248320K, 0% used [0x00000000e0000000,0x00000000e0000000,0x00000000ef280000)
  from space 31232K, 99% used [0x00000000f1980000,0x00000000f37fb480,0x00000000f3800000)
  to   space 39936K, 0% used [0x00000000ef280000,0x00000000ef280000,0x00000000f1980000)
 ParOldGen       total 111104K, used 65329K [0x00000000a0000000, 0x00000000a6c80000, 0x00000000e0000000)
  object space 111104K, 58% used [0x00000000a0000000,0x00000000a3fcc5c0,0x00000000a6c80000)
 Metaspace       used 72288K, capacity 75296K, committed 75560K, reserved 1114112K
  class space    used 9348K, capacity 9943K, committed 10024K, reserved 1048576K
}
Event: 981.523 GC heap before
{Heap before GC invocations=26 (full 3):
 PSYoungGen      total 279552K, used 279533K [0x00000000e0000000, 0x00000000f4c00000, 0x0000000100000000)
  eden space 248320K, 100% used [0x00000000e0000000,0x00000000ef280000,0x00000000ef280000)
  from space 31232K, 99% used [0x00000000f1980000,0x00000000f37fb480,0x00000000f3800000)
  to   space 39936K, 0% used [0x00000000ef280000,0x00000000ef280000,0x00000000f1980000)
 ParOldGen       total 111104K, used 65329K [0x00000000a0000000, 0x00000000a6c80000, 0x00000000e0000000)
  object space 111104K, 58% used [0x00000000a0000000,0x00000000a3fcc5c0,0x00000000a6c80000)
 Metaspace       used 72360K, capacity 75360K, committed 75560K, reserved 1114112K
  class space    used 9348K, capacity 9943K, committed 10024K, reserved 1048576K
Event: 981.595 GC heap after
Heap after GC invocations=26 (full 3):
 PSYoungGen      total 288256K, used 32661K [0x00000000e0000000, 0x00000000f8b00000, 0x0000000100000000)
  eden space 248320K, 0% used [0x00000000e0000000,0x00000000e0000000,0x00000000ef280000)
  from space 39936K, 81% used [0x00000000ef280000,0x00000000f1265790,0x00000000f1980000)
  to   space 43520K, 0% used [0x00000000f6080000,0x00000000f6080000,0x00000000f8b00000)
 ParOldGen       total 111104K, used 83624K [0x00000000a0000000, 0x00000000a6c80000, 0x00000000e0000000)
  object space 111104K, 75% used [0x00000000a0000000,0x00000000a51aa0b8,0x00000000a6c80000)
 Metaspace       used 72360K, capacity 75360K, committed 75560K, reserved 1114112K
  class space    used 9348K, capacity 9943K, committed 10024K, reserved 1048576K
}
Event: 982.650 GC heap before
{Heap before GC invocations=27 (full 3):
 PSYoungGen      total 288256K, used 280981K [0x00000000e0000000, 0x00000000f8b00000, 0x0000000100000000)
  eden space 248320K, 100% used [0x00000000e0000000,0x00000000ef280000,0x00000000ef280000)
  from space 39936K, 81% used [0x00000000ef280000,0x00000000f1265790,0x00000000f1980000)
  to   space 43520K, 0% used [0x00000000f6080000,0x00000000f6080000,0x00000000f8b00000)
 ParOldGen       total 111104K, used 83624K [0x00000000a0000000, 0x00000000a6c80000, 0x00000000e0000000)
  object space 111104K, 75% used [0x00000000a0000000,0x00000000a51aa0b8,0x00000000a6c80000)
 Metaspace       used 72450K, capacity 75488K, committed 75816K, reserved 1116160K
  class space    used 9348K, capacity 9943K, committed 10024K, reserved 1048576K
Event: 982.793 GC heap after
Heap after GC invocations=27 (full 3):
 PSYoungGen      total 356352K, used 36776K [0x00000000e0000000, 0x00000000f9900000, 0x0000000100000000)
  eden space 312832K, 0% used [0x00000000e0000000,0x00000000e0000000,0x00000000f3180000)
  from space 43520K, 84% used [0x00000000f6080000,0x00000000f846a128,0x00000000f8b00000)
  to   space 48128K, 0% used [0x00000000f3180000,0x00000000f3180000,0x00000000f6080000)
 ParOldGen       total 111104K, used 110540K [0x00000000a0000000, 0x00000000a6c80000, 0x00000000e0000000)
  object space 111104K, 99% used [0x00000000a0000000,0x00000000a6bf32b0,0x00000000a6c80000)
 Metaspace       used 72450K, capacity 75488K, committed 75816K, reserved 1116160K
  class space    used 9348K, capacity 9943K, committed 10024K, reserved 1048576K
}
Event: 982.807 GC heap before
{Heap before GC invocations=28 (full 4):
 PSYoungGen      total 356352K, used 36776K [0x00000000e0000000, 0x00000000f9900000, 0x0000000100000000)
  eden space 312832K, 0% used [0x00000000e0000000,0x00000000e0000000,0x00000000f3180000)
  from space 43520K, 84% used [0x00000000f6080000,0x00000000f846a128,0x00000000f8b00000)
  to   space 48128K, 0% used [0x00000000f3180000,0x00000000f3180000,0x00000000f6080000)
 ParOldGen       total 111104K, used 110540K [0x00000000a0000000, 0x00000000a6c80000, 0x00000000e0000000)
  object space 111104K, 99% used [0x00000000a0000000,0x00000000a6bf32b0,0x00000000a6c80000)
 Metaspace       used 72450K, capacity 75488K, committed 75816K, reserved 1116160K
  class space    used 9348K, capacity 9943K, committed 10024K, reserved 1048576K

